<?xml version="1.0" encoding="UTF-8"?>
<!-- Generated by org.testng.reporters.JUnitReportReporter -->
<testsuite hostname="192.168.10.4" failures="0" tests="1" name="com.techsembly.testproject.Configurations" time="16.442" errors="0" timestamp="2023-01-29T00:56:22 PKT" skipped="0">
  <testcase classname="com.techsembly.testproject.Configurations" name="Browser" time="16.442"/>
  <system-out/>
</testsuite> <!-- com.techsembly.testproject.Configurations -->
