<?xml version="1.0" encoding="UTF-8"?>
<!-- Generated by org.testng.reporters.JUnitReportReporter -->
<testsuite hostname="192.168.88.60" failures="0" tests="1" name="com.techsembly.testproject.givexproduct" time="102.120" errors="0" timestamp="2023-01-17T18:46:16 PKT" skipped="0">
  <testcase classname="com.techsembly.testproject.givexproduct" name="GivexProduct" time="102.120"/>
  <system-out/>
</testsuite> <!-- com.techsembly.testproject.givexproduct -->
