<?xml version="1.0" encoding="UTF-8"?>
<!-- Generated by org.testng.reporters.JUnitReportReporter -->
<testsuite hostname="192.168.10.4" failures="0" tests="1" name="com.techsembly.testproject.Login" time="3.994" errors="0" timestamp="2023-01-29T00:56:22 PKT" skipped="0">
  <testcase classname="com.techsembly.testproject.Login" name="LoginMethod" time="3.994"/>
  <system-out/>
</testsuite> <!-- com.techsembly.testproject.Login -->
