<?xml version="1.0" encoding="UTF-8"?>
<!-- Generated by org.testng.reporters.JUnitReportReporter -->
<testsuite hostname="192.168.88.60" failures="0" tests="1" name="com.techsembly.testproject.tsgiftproduct" time="105.454" errors="0" timestamp="2023-01-17T18:59:20 PKT" skipped="0">
  <testcase classname="com.techsembly.testproject.tsgiftproduct" name="TSProduct" time="105.454"/>
  <system-out/>
</testsuite> <!-- com.techsembly.testproject.tsgiftproduct -->
